<?xml version="1.0" encoding="UTF-8"?>
<!-- Generated by org.testng.reporters.JUnitReportReporter -->
<testsuite skipped="0" hostname="Jayashree" name="com.testng.pAR" tests="2" failures="0" timestamp="2022-11-18T16:37:52 IST" time="14.802" errors="0">
  <testcase name="bing" time="7.316" classname="com.testng.pAR"/>
  <system-out/>
  <testcase name="google" time="7.486" classname="com.testng.pAR"/>
  <system-out/>
</testsuite> <!-- com.testng.pAR -->
