<?xml version="1.0" encoding="UTF-8"?>
<!-- Generated by org.testng.reporters.JUnitReportReporter -->
<testsuite skipped="1" hostname="Jayashree" name="com.testng.Test_ng_TYpe" tests="8" failures="0" timestamp="2022-11-14T08:06:44 IST" time="0.019" errors="0">
  <testcase name="company" time="0.014" classname="com.testng.Test_ng_TYpe"/>
  <system-out/>
  <testcase name="emp" time="0.001" classname="com.testng.Test_ng_TYpe"/>
  <system-out/>
  <testcase name="dob" time="0.000" classname="com.testng.Test_ng_TYpe"/>
  <system-out/>
  <testcase name="dob" time="0.001" classname="com.testng.Test_ng_TYpe"/>
  <system-out/>
  <testcase name="dob" time="0.001" classname="com.testng.Test_ng_TYpe"/>
  <system-out/>
  <testcase name="dob" time="0.001" classname="com.testng.Test_ng_TYpe"/>
  <system-out/>
  <testcase name="dob" time="0.001" classname="com.testng.Test_ng_TYpe"/>
  <system-out/>
  <testcase name="salary" classname="com.testng.Test_ng_TYpe">
    <skipped/>
  </testcase> <!-- salary -->
  <system-out/>
</testsuite> <!-- com.testng.Test_ng_TYpe -->
