<?xml version="1.0" encoding="UTF-8"?>
<!-- Generated by org.testng.reporters.JUnitReportReporter -->
<testsuite skipped="0" hostname="Jayashree" name="com.Maven_PKG.Class_A" tests="2" failures="0" timestamp="2022-11-10T07:46:44 IST" time="0.015" errors="0">
  <testcase name="B_group" time="0.014" classname="com.Maven_PKG.Class_A"/>
  <system-out/>
  <testcase name="A_group" time="0.001" classname="com.Maven_PKG.Class_A"/>
  <system-out/>
</testsuite> <!-- com.Maven_PKG.Class_A -->
