<?xml version="1.0" encoding="UTF-8"?>
<!-- Generated by org.testng.reporters.JUnitReportReporter -->
<testsuite skipped="0" hostname="Jayashree" name="com.kj.RS_TYpe" tests="1" failures="0" timestamp="2022-11-25T22:46:58 IST" time="8.531" errors="0">
  <testcase name="req_val" time="8.531" classname="com.kj.RS_TYpe"/>
  <system-out/>
</testsuite> <!-- com.kj.RS_TYpe -->
