<?xml version="1.0" encoding="UTF-8"?>
<!-- Generated by org.testng.reporters.JUnitReportReporter -->
<testsuite skipped="0" hostname="Jayashree" name="com.testng.Test_ng_Dependency" tests="5" failures="0" timestamp="2022-11-18T20:12:58 IST" time="0.013" errors="0">
  <testcase name="id" time="0.008" classname="com.testng.Test_ng_Dependency"/>
  <system-out/>
  <testcase name="salary" time="0.000" classname="com.testng.Test_ng_Dependency"/>
  <system-out/>
  <testcase name="emp" time="0.001" classname="com.testng.Test_ng_Dependency"/>
  <system-out/>
  <testcase name="dob" time="0.001" classname="com.testng.Test_ng_Dependency"/>
  <system-out/>
  <testcase name="company" time="0.003" classname="com.testng.Test_ng_Dependency"/>
  <system-out/>
</testsuite> <!-- com.testng.Test_ng_Dependency -->
