<?xml version="1.0" encoding="UTF-8"?>
<!-- Generated by org.testng.reporters.JUnitReportReporter -->
<testsuite skipped="0" hostname="Jayashree" name="com.API.Rest_Ass" tests="1" failures="0" timestamp="2022-11-26T08:19:02 IST" time="2.622" errors="0">
  <testcase name="rest_api" time="2.622" classname="com.API.Rest_Ass"/>
  <system-out/>
</testsuite> <!-- com.API.Rest_Ass -->
