<?xml version="1.0" encoding="UTF-8"?>
<!-- Generated by org.testng.reporters.JUnitReportReporter -->
<testsuite skipped="0" hostname="Jayashree" name="com.testng.Test_ng_parallel" tests="2" failures="0" timestamp="2022-11-18T20:33:45 IST" time="16.451" errors="0">
  <testcase name="facebook" time="8.109" classname="com.testng.Test_ng_parallel"/>
  <system-out/>
  <testcase name="insta" time="8.342" classname="com.testng.Test_ng_parallel"/>
  <system-out/>
</testsuite> <!-- com.testng.Test_ng_parallel -->
