<?xml version="1.0" encoding="UTF-8"?>
<!-- Generated by org.testng.reporters.JUnitReportReporter -->
<testsuite skipped="0" hostname="Jayashree" name="com.testng.Test_ng_SA" tests="1" failures="0" timestamp="2022-11-12T08:12:58 IST" time="0.011" errors="0">
  <testcase name="company" time="0.011" classname="com.testng.Test_ng_SA"/>
  <system-out/>
</testsuite> <!-- com.testng.Test_ng_SA -->
